Using pre-set license
Built from '2021.3/staging' branch; Version is '2021.3.11f1 (0a5ca18544bf) revision 679073'; Using compiler version '192829333'; Build Type 'Release'
OS: 'Windows 11  (10.0.22000) 64bit Core' Language: 'es' Physical Memory: 16258 MB
BatchMode: 1, IsHumanControllingUs: 0, StartBugReporterOnCrash: 0, Is64bit: 1, IsPro: 1

COMMAND LINE ARGUMENTS:
C:\Program Files\Unity\Hub\Editor\2021.3.11f1\Editor\Unity.exe
-adb2
-batchMode
-noUpm
-name
AssetImportWorker6
-projectPath
C:/Users/elkin/Com_Grafica/ProyectoFinal_G6
-logFile
Logs/AssetImportWorker6.log
-srvPort
21389
Successfully changed project path to: C:/Users/elkin/Com_Grafica/ProyectoFinal_G6
C:/Users/elkin/Com_Grafica/ProyectoFinal_G6
[UnityMemory] Configuration Parameters - Can be set up in boot.config
    "memorysetup-bucket-allocator-granularity=16"
    "memorysetup-bucket-allocator-bucket-count=8"
    "memorysetup-bucket-allocator-block-size=33554432"
    "memorysetup-bucket-allocator-block-count=8"
    "memorysetup-main-allocator-block-size=16777216"
    "memorysetup-thread-allocator-block-size=16777216"
    "memorysetup-gfx-main-allocator-block-size=16777216"
    "memorysetup-gfx-thread-allocator-block-size=16777216"
    "memorysetup-cache-allocator-block-size=4194304"
    "memorysetup-typetree-allocator-block-size=2097152"
    "memorysetup-profiler-bucket-allocator-granularity=16"
    "memorysetup-profiler-bucket-allocator-bucket-count=8"
    "memorysetup-profiler-bucket-allocator-block-size=33554432"
    "memorysetup-profiler-bucket-allocator-block-count=8"
    "memorysetup-profiler-allocator-block-size=16777216"
    "memorysetup-profiler-editor-allocator-block-size=1048576"
    "memorysetup-temp-allocator-size-main=16777216"
    "memorysetup-job-temp-allocator-block-size=2097152"
    "memorysetup-job-temp-allocator-block-size-background=1048576"
    "memorysetup-job-temp-allocator-reduction-small-platforms=262144"
    "memorysetup-temp-allocator-size-background-worker=32768"
    "memorysetup-temp-allocator-size-job-worker=262144"
    "memorysetup-temp-allocator-size-preload-manager=33554432"
    "memorysetup-temp-allocator-size-nav-mesh-worker=65536"
    "memorysetup-temp-allocator-size-audio-worker=65536"
    "memorysetup-temp-allocator-size-cloud-worker=32768"
    "memorysetup-temp-allocator-size-gi-baking-worker=262144"
    "memorysetup-temp-allocator-size-gfx=262144"
Refreshing native plugins compatible for Editor in 154.86 ms, found 5 plugins.
Preloading 1 native plugins for Editor in 1.02 ms.
Initialize engine version: 2021.3.11f1 (0a5ca18544bf)
[Subsystems] Discovering subsystems at path C:/Program Files/Unity/Hub/Editor/2021.3.11f1/Editor/Data/Resources/UnitySubsystems
[Subsystems] Discovering subsystems at path C:/Users/elkin/Com_Grafica/ProyectoFinal_G6/Assets
GfxDevice: creating device client; threaded=0; jobified=0
Direct3D:
    Version:  Direct3D 11.0 [level 11.1]
    Renderer: NVIDIA GeForce RTX 2060 (ID=0x1f11)
    Vendor:   NVIDIA
    VRAM:     5968 MB
    Driver:   31.0.15.2661
Shader 'PointClouds/PointSplat': fallback shader 'PointClouds/PointSplatLegacy' not found
Initialize mono
Mono path[0] = 'C:/Program Files/Unity/Hub/Editor/2021.3.11f1/Editor/Data/Managed'
Mono path[1] = 'C:/Program Files/Unity/Hub/Editor/2021.3.11f1/Editor/Data/MonoBleedingEdge/lib/mono/unityjit-win32'
Mono config path = 'C:/Program Files/Unity/Hub/Editor/2021.3.11f1/Editor/Data/MonoBleedingEdge/etc'
Using monoOptions --debugger-agent=transport=dt_socket,embedding=1,server=y,suspend=n,address=127.0.0.1:56844
Begin MonoManager ReloadAssembly
Registering precompiled unity dll's ...
Register platform support module: C:/Program Files/Unity/Hub/Editor/2021.3.11f1/Editor/Data/PlaybackEngines/AndroidPlayer/UnityEditor.Android.Extensions.dll
Register platform support module: C:/Program Files/Unity/Hub/Editor/2021.3.11f1/Editor/Data/PlaybackEngines/WindowsStandaloneSupport/UnityEditor.WindowsStandalone.Extensions.dll
Register platform support module: C:/Program Files/Unity/Hub/Editor/2021.3.11f1/Editor/Data/PlaybackEngines/MetroSupport/UnityEditor.UWP.Extensions.dll
Registered in 0.007722 seconds.
Native extension for UWP target not found
Native extension for WindowsStandalone target not found
Native extension for Android target not found
Refreshing native plugins compatible for Editor in 106.49 ms, found 5 plugins.
Preloading 1 native plugins for Editor in 0.03 ms.
Mono: successfully reloaded assembly
- Completed reload, in  0.770 seconds
Domain Reload Profiling:
	ReloadAssembly (770ms)
		BeginReloadAssembly (80ms)
			ExecutionOrderSort (0ms)
			DisableScriptedObjects (0ms)
			BackupInstance (0ms)
			ReleaseScriptingObjects (0ms)
			CreateAndSetChildDomain (1ms)
		EndReloadAssembly (563ms)
			LoadAssemblies (78ms)
			RebuildTransferFunctionScriptingTraits (0ms)
			SetupTypeCache (142ms)
			ReleaseScriptCaches (0ms)
			RebuildScriptCaches (33ms)
			SetupLoadedEditorAssemblies (331ms)
				LogAssemblyErrors (0ms)
				InitializePlatformSupportModulesInManaged (63ms)
				SetLoadedEditorAssemblies (0ms)
				RefreshPlugins (107ms)
				BeforeProcessingInitializeOnLoad (1ms)
				ProcessInitializeOnLoadAttributes (109ms)
				ProcessInitializeOnLoadMethodAttributes (50ms)
				AfterProcessingInitializeOnLoad (0ms)
				EditorAssembliesLoaded (0ms)
			ExecutionOrderSort2 (0ms)
			AwakeInstancesAfterBackupRestoration (0ms)
Platform modules already initialized, skipping
Registering precompiled user dll's ...
Registered in 0.010935 seconds.
Begin MonoManager ReloadAssembly
Symbol file LoadedFromMemory doesn't match image C:\Users\elkin\Com_Grafica\ProyectoFinal_G6\Library\PackageCache\com.unity.visualscripting@1.7.8\Editor\VisualScripting.Core\Dependencies\DotNetZip\Unity.VisualScripting.IonicZip.dll
Symbol file LoadedFromMemory doesn't match image C:\Users\elkin\Com_Grafica\ProyectoFinal_G6\Library\PackageCache\com.unity.visualscripting@1.7.8\Editor\VisualScripting.Core\Dependencies\YamlDotNet\Unity.VisualScripting.YamlDotNet.dll
Native extension for UWP target not found
Native extension for WindowsStandalone target not found
Native extension for Android target not found
Refreshing native plugins compatible for Editor in 0.79 ms, found 5 plugins.
Preloading 1 native plugins for Editor in 0.05 ms.
Package Manager log level set to [2]
[Package Manager] Server::EnsureServerProcessIsRunning -- launch failed, reason: Unity was launched with the -noUpm command-line argument
[Package Manager] Cannot connect to Unity Package Manager local server
System.NullReferenceException: Object reference not set to an instance of an object
  at Vuforia.EditorClasses.ExtensionTypeProvider.GetVuforiaPackageAbsPath () [0x0004a] in <a6afc08737454b11bbcd4cac94f8cab8>:0 
  at Vuforia.EditorClasses.ExtensionTypeProvider.IsPackageManager () [0x00000] in <a6afc08737454b11bbcd4cac94f8cab8>:0 
  at Vuforia.EditorClasses.ExtensionTypeProvider.ResolvePluginType () [0x00009] in <a6afc08737454b11bbcd4cac94f8cab8>:0 
  at Vuforia.EditorClasses.ExtensionTypeProvider.GetPluginType () [0x0000c] in <a6afc08737454b11bbcd4cac94f8cab8>:0 
  at Vuforia.EditorClasses.VuforiaUtilities.IsVuforiaEnabledInPlayerSettings () [0x00000] in <a6afc08737454b11bbcd4cac94f8cab8>:0 
  at VuforiaEnabledObserver..cctor () [0x00000] in <a6afc08737454b11bbcd4cac94f8cab8>:0 
UnityEngine.StackTraceUtility:ExtractStackTrace ()
UnityEngine.DebugLogHandler:LogFormat (UnityEngine.LogType,UnityEngine.Object,string,object[])
UnityEngine.Logger:Log (UnityEngine.LogType,object)
UnityEngine.Debug:LogError (object)
UnityEditor.EditorAssemblies:ProcessInitializeOnLoadAttributes (System.Type[])

[Package Manager] Server::EnsureServerProcessIsRunning -- launch failed, reason: Unity was launched with the -noUpm command-line argument
[Package Manager] Cannot connect to Unity Package Manager local server
System.NullReferenceException: Object reference not set to an instance of an object
  at Vuforia.EditorClasses.ExtensionTypeProvider.GetVuforiaPackageAbsPath () [0x0004a] in <a6afc08737454b11bbcd4cac94f8cab8>:0 
  at Vuforia.EditorClasses.ExtensionTypeProvider.IsPackageManager () [0x00000] in <a6afc08737454b11bbcd4cac94f8cab8>:0 
  at Vuforia.EditorClasses.ExtensionTypeProvider.ResolvePluginType () [0x00009] in <a6afc08737454b11bbcd4cac94f8cab8>:0 
  at Vuforia.EditorClasses.ExtensionTypeProvider.GetPluginType () [0x0000c] in <a6afc08737454b11bbcd4cac94f8cab8>:0 
  at Vuforia.EditorClasses.VuforiaUtilities.IsVuforiaEnabledInPlayerSettings () [0x00000] in <a6afc08737454b11bbcd4cac94f8cab8>:0 
  at Vuforia.EditorClasses.InitializeOnLoadVuforiaTaskRunner..cctor () [0x00015] in <a6afc08737454b11bbcd4cac94f8cab8>:0 
UnityEngine.StackTraceUtility:ExtractStackTrace ()
UnityEngine.DebugLogHandler:LogFormat (UnityEngine.LogType,UnityEngine.Object,string,object[])
UnityEngine.Logger:Log (UnityEngine.LogType,object)
UnityEngine.Debug:LogError (object)
UnityEditor.EditorAssemblies:ProcessInitializeOnLoadAttributes (System.Type[])

Mono: successfully reloaded assembly
- Completed reload, in  1.936 seconds
Domain Reload Profiling:
	ReloadAssembly (1937ms)
		BeginReloadAssembly (249ms)
			ExecutionOrderSort (0ms)
			DisableScriptedObjects (6ms)
			BackupInstance (0ms)
			ReleaseScriptingObjects (0ms)
			CreateAndSetChildDomain (123ms)
		EndReloadAssembly (1523ms)
			LoadAssemblies (114ms)
			RebuildTransferFunctionScriptingTraits (0ms)
			SetupTypeCache (346ms)
			ReleaseScriptCaches (1ms)
			RebuildScriptCaches (70ms)
			SetupLoadedEditorAssemblies (943ms)
				LogAssemblyErrors (0ms)
				InitializePlatformSupportModulesInManaged (16ms)
				SetLoadedEditorAssemblies (1ms)
				RefreshPlugins (1ms)
				BeforeProcessingInitializeOnLoad (104ms)
				ProcessInitializeOnLoadAttributes (780ms)
				ProcessInitializeOnLoadMethodAttributes (34ms)
				AfterProcessingInitializeOnLoad (7ms)
				EditorAssembliesLoaded (0ms)
			ExecutionOrderSort2 (0ms)
			AwakeInstancesAfterBackupRestoration (8ms)
Platform modules already initialized, skipping
========================================================================
Worker process is ready to serve import requests
Shader 'PointClouds/PointSplat': fallback shader 'PointClouds/PointSplatLegacy' not found
Launched and connected shader compiler UnityShaderCompiler.exe after 0.05 seconds
Refreshing native plugins compatible for Editor in 0.76 ms, found 5 plugins.
Preloading 1 native plugins for Editor in 0.04 ms.
Unloading 3511 Unused Serialized files (Serialized files now loaded: 0)
Unloading 56 unused Assets / (124.2 KB). Loaded Objects now: 4230.
Memory consumption went from 126.3 MB to 126.2 MB.
Total: 3.829700 ms (FindLiveObjects: 0.327800 ms CreateObjectMapping: 0.222800 ms MarkObjects: 3.156800 ms  DeleteObjects: 0.121000 ms)

AssetImportParameters requested are different than current active one (requested -> active):
  custom:video-decoder-ogg-theora: a1e56fd34408186e4bbccfd4996cb3dc -> 
  custom:container-muxer-webm: aa71ff27fc2769a1b78a27578f13a17b -> 
  custom:container-demuxer-webm: 4f35f7cbe854078d1ac9338744f61a02 -> 
  custom:video-encoder-webm-vp8: eb34c28f22e8b96e1ab97ce403110664 -> 
  custom:audio-encoder-webm-vorbis: bf7c407c2cedff20999df2af8eb42d56 -> 
  custom:framework-win-MediaFoundation: 216162199b28c13a410421893ffa2e32 -> 
  custom:container-demuxer-ogg: 62fdf1f143b41e24485cea50d1cbac27 -> 
  custom:video-decoder-webm-vp8: 9c59270c3fd7afecdb556c50c9e8de78 -> 
  custom:audio-decoder-ogg-vorbis: bf7c407c2cedff20999df2af8eb42d56 -> 
========================================================================
Received Import Request.
  Time since last request: 226938.906590 seconds.
  path: Assets/Prefabs
  artifactKey: Guid(d57874a28776a9a44a9da87caea7fd8a) Importer(815301076,1909f56bfc062723c751e8b465ee728b)
Start importing Assets/Prefabs using Guid(d57874a28776a9a44a9da87caea7fd8a) Importer(815301076,1909f56bfc062723c751e8b465ee728b)  -> (artifact id: '734cb35e2f243d250e78ec8217747265') in 0.009897 seconds 
========================================================================
Received Import Request.
  Time since last request: 7.553031 seconds.
  path: Assets/Prefabs/Canvas.prefab
  artifactKey: Guid(b5bf5660a66a81c438becdba7eb5dab0) Importer(815301076,1909f56bfc062723c751e8b465ee728b)
Start importing Assets/Prefabs/Canvas.prefab using Guid(b5bf5660a66a81c438becdba7eb5dab0) Importer(815301076,1909f56bfc062723c751e8b465ee728b)  -> (artifact id: '7fcdbb16e548e5d943e5665a9f524d0a') in 0.072081 seconds 
========================================================================
Received Import Request.
  Time since last request: 140.893511 seconds.
  path: Assets/Scenes/DonasSC.unity
  artifactKey: Guid(4a58b9f8c2ade8c4a941d2784247bb40) Importer(815301076,1909f56bfc062723c751e8b465ee728b)
Start importing Assets/Scenes/DonasSC.unity using Guid(4a58b9f8c2ade8c4a941d2784247bb40) Importer(815301076,1909f56bfc062723c751e8b465ee728b)  -> (artifact id: '86d20c56f060d5e2a37613ffd529584d') in 0.001722 seconds 
========================================================================
Received Import Request.
  Time since last request: 13.833669 seconds.
  path: Assets/Scenes/PastelSC.unity
  artifactKey: Guid(9e9462d9a9ffc4c4fb6df1291db77dec) Importer(815301076,1909f56bfc062723c751e8b465ee728b)
Start importing Assets/Scenes/PastelSC.unity using Guid(9e9462d9a9ffc4c4fb6df1291db77dec) Importer(815301076,1909f56bfc062723c751e8b465ee728b)  -> (artifact id: 'fcbe311ee949a39b2006a8b78f81d891') in 0.002067 seconds 
========================================================================
Received Prepare
Registering precompiled user dll's ...
Registered in 0.013759 seconds.
Begin MonoManager ReloadAssembly
Symbol file LoadedFromMemory doesn't match image C:\Users\elkin\Com_Grafica\ProyectoFinal_G6\Library\PackageCache\com.unity.visualscripting@1.7.8\Editor\VisualScripting.Core\Dependencies\DotNetZip\Unity.VisualScripting.IonicZip.dll
Symbol file LoadedFromMemory doesn't match image C:\Users\elkin\Com_Grafica\ProyectoFinal_G6\Library\PackageCache\com.unity.visualscripting@1.7.8\Editor\VisualScripting.Core\Dependencies\YamlDotNet\Unity.VisualScripting.YamlDotNet.dll
Native extension for UWP target not found
Native extension for WindowsStandalone target not found
Native extension for Android target not found
Refreshing native plugins compatible for Editor in 0.79 ms, found 5 plugins.
Preloading 1 native plugins for Editor in 0.05 ms.
[Package Manager] Server::EnsureServerProcessIsRunning -- launch failed, reason: Unity was launched with the -noUpm command-line argument
[Package Manager] Cannot connect to Unity Package Manager local server
[Package Manager] Server::EnsureServerProcessIsRunning -- launch failed, reason: Unity was launched with the -noUpm command-line argument
[Package Manager] Cannot connect to Unity Package Manager local server
[Package Manager] Server::EnsureServerProcessIsRunning -- launch failed, reason: Unity was launched with the -noUpm command-line argument
[Package Manager] Cannot connect to Unity Package Manager local server
[Package Manager] Server::EnsureServerProcessIsRunning -- launch failed, reason: Unity was launched with the -noUpm command-line argument
[Package Manager] Cannot connect to Unity Package Manager local server
System.NullReferenceException: Object reference not set to an instance of an object
  at Vuforia.EditorClasses.ExtensionTypeProvider.GetVuforiaPackageAbsPath () [0x0004a] in <a6afc08737454b11bbcd4cac94f8cab8>:0 
  at Vuforia.EditorClasses.ExtensionTypeProvider.IsPackageManager () [0x00000] in <a6afc08737454b11bbcd4cac94f8cab8>:0 
  at Vuforia.EditorClasses.ExtensionTypeProvider.ResolvePluginType () [0x00009] in <a6afc08737454b11bbcd4cac94f8cab8>:0 
  at Vuforia.EditorClasses.ExtensionTypeProvider.GetPluginType () [0x0000c] in <a6afc08737454b11bbcd4cac94f8cab8>:0 
  at Vuforia.EditorClasses.VuforiaUtilities.IsVuforiaEnabledInPlayerSettings () [0x00000] in <a6afc08737454b11bbcd4cac94f8cab8>:0 
  at VuforiaEnabledObserver..cctor () [0x00000] in <a6afc08737454b11bbcd4cac94f8cab8>:0 
UnityEngine.StackTraceUtility:ExtractStackTrace ()
UnityEngine.DebugLogHandler:LogFormat (UnityEngine.LogType,UnityEngine.Object,string,object[])
UnityEngine.Logger:Log (UnityEngine.LogType,object)
UnityEngine.Debug:LogError (object)
UnityEditor.EditorAssemblies:ProcessInitializeOnLoadAttributes (System.Type[])

[Package Manager] Server::EnsureServerProcessIsRunning -- launch failed, reason: Unity was launched with the -noUpm command-line argument
[Package Manager] Cannot connect to Unity Package Manager local server
System.NullReferenceException: Object reference not set to an instance of an object
  at Vuforia.EditorClasses.ExtensionTypeProvider.GetVuforiaPackageAbsPath () [0x0004a] in <a6afc08737454b11bbcd4cac94f8cab8>:0 
  at Vuforia.EditorClasses.ExtensionTypeProvider.IsPackageManager () [0x00000] in <a6afc08737454b11bbcd4cac94f8cab8>:0 
  at Vuforia.EditorClasses.ExtensionTypeProvider.ResolvePluginType () [0x00009] in <a6afc08737454b11bbcd4cac94f8cab8>:0 
  at Vuforia.EditorClasses.ExtensionTypeProvider.GetPluginType () [0x0000c] in <a6afc08737454b11bbcd4cac94f8cab8>:0 
  at Vuforia.EditorClasses.VuforiaUtilities.IsVuforiaEnabledInPlayerSettings () [0x00000] in <a6afc08737454b11bbcd4cac94f8cab8>:0 
  at Vuforia.EditorClasses.InitializeOnLoadVuforiaTaskRunner..cctor () [0x00015] in <a6afc08737454b11bbcd4cac94f8cab8>:0 
UnityEngine.StackTraceUtility:ExtractStackTrace ()
UnityEngine.DebugLogHandler:LogFormat (UnityEngine.LogType,UnityEngine.Object,string,object[])
UnityEngine.Logger:Log (UnityEngine.LogType,object)
UnityEngine.Debug:LogError (object)
UnityEditor.EditorAssemblies:ProcessInitializeOnLoadAttributes (System.Type[])

Mono: successfully reloaded assembly
- Completed reload, in  2.122 seconds
Domain Reload Profiling:
	ReloadAssembly (2123ms)
		BeginReloadAssembly (189ms)
			ExecutionOrderSort (0ms)
			DisableScriptedObjects (6ms)
			BackupInstance (0ms)
			ReleaseScriptingObjects (0ms)
			CreateAndSetChildDomain (53ms)
		EndReloadAssembly (1804ms)
			LoadAssemblies (108ms)
			RebuildTransferFunctionScriptingTraits (0ms)
			SetupTypeCache (413ms)
			ReleaseScriptCaches (1ms)
			RebuildScriptCaches (88ms)
			SetupLoadedEditorAssemblies (1079ms)
				LogAssemblyErrors (0ms)
				InitializePlatformSupportModulesInManaged (29ms)
				SetLoadedEditorAssemblies (1ms)
				RefreshPlugins (1ms)
				BeforeProcessingInitializeOnLoad (87ms)
				ProcessInitializeOnLoadAttributes (903ms)
				ProcessInitializeOnLoadMethodAttributes (50ms)
				AfterProcessingInitializeOnLoad (8ms)
				EditorAssembliesLoaded (0ms)
			ExecutionOrderSort2 (0ms)
			AwakeInstancesAfterBackupRestoration (15ms)
Platform modules already initialized, skipping
Shader 'PointClouds/PointSplat': fallback shader 'PointClouds/PointSplatLegacy' not found
Refreshing native plugins compatible for Editor in 9.94 ms, found 5 plugins.
Preloading 1 native plugins for Editor in 0.06 ms.
Unloading 3495 Unused Serialized files (Serialized files now loaded: 0)
Unloading 49 unused Assets / (91.4 KB). Loaded Objects now: 4237.
Memory consumption went from 125.3 MB to 125.2 MB.
Total: 4.563300 ms (FindLiveObjects: 0.330700 ms CreateObjectMapping: 0.241100 ms MarkObjects: 3.873100 ms  DeleteObjects: 0.117300 ms)

AssetImportParameters requested are different than current active one (requested -> active):
  custom:video-decoder-ogg-theora: a1e56fd34408186e4bbccfd4996cb3dc -> 
  custom:container-muxer-webm: aa71ff27fc2769a1b78a27578f13a17b -> 
  custom:container-demuxer-webm: 4f35f7cbe854078d1ac9338744f61a02 -> 
  custom:video-encoder-webm-vp8: eb34c28f22e8b96e1ab97ce403110664 -> 
  custom:audio-encoder-webm-vorbis: bf7c407c2cedff20999df2af8eb42d56 -> 
  custom:framework-win-MediaFoundation: 216162199b28c13a410421893ffa2e32 -> 
  custom:container-demuxer-ogg: 62fdf1f143b41e24485cea50d1cbac27 -> 
  custom:video-decoder-webm-vp8: 9c59270c3fd7afecdb556c50c9e8de78 -> 
  custom:audio-decoder-ogg-vorbis: bf7c407c2cedff20999df2af8eb42d56 -> 
========================================================================
Received Prepare
Registering precompiled user dll's ...
Registered in 0.011003 seconds.
Begin MonoManager ReloadAssembly
Symbol file LoadedFromMemory doesn't match image C:\Users\elkin\Com_Grafica\ProyectoFinal_G6\Library\PackageCache\com.unity.visualscripting@1.7.8\Editor\VisualScripting.Core\Dependencies\DotNetZip\Unity.VisualScripting.IonicZip.dll
Symbol file LoadedFromMemory doesn't match image C:\Users\elkin\Com_Grafica\ProyectoFinal_G6\Library\PackageCache\com.unity.visualscripting@1.7.8\Editor\VisualScripting.Core\Dependencies\YamlDotNet\Unity.VisualScripting.YamlDotNet.dll
Native extension for UWP target not found
Native extension for WindowsStandalone target not found
Native extension for Android target not found
Refreshing native plugins compatible for Editor in 0.90 ms, found 5 plugins.
Preloading 1 native plugins for Editor in 0.05 ms.
[Package Manager] Server::EnsureServerProcessIsRunning -- launch failed, reason: Unity was launched with the -noUpm command-line argument
[Package Manager] Cannot connect to Unity Package Manager local server
[Package Manager] Server::EnsureServerProcessIsRunning -- launch failed, reason: Unity was launched with the -noUpm command-line argument
[Package Manager] Cannot connect to Unity Package Manager local server
[Package Manager] Server::EnsureServerProcessIsRunning -- launch failed, reason: Unity was launched with the -noUpm command-line argument
[Package Manager] Cannot connect to Unity Package Manager local server
System.NullReferenceException: Object reference not set to an instance of an object
  at Vuforia.EditorClasses.ExtensionTypeProvider.GetVuforiaPackageAbsPath () [0x0004a] in <a6afc08737454b11bbcd4cac94f8cab8>:0 
  at Vuforia.EditorClasses.ExtensionTypeProvider.IsPackageManager () [0x00000] in <a6afc08737454b11bbcd4cac94f8cab8>:0 
  at Vuforia.EditorClasses.ExtensionTypeProvider.ResolvePluginType () [0x00009] in <a6afc08737454b11bbcd4cac94f8cab8>:0 
  at Vuforia.EditorClasses.ExtensionTypeProvider.GetPluginType () [0x0000c] in <a6afc08737454b11bbcd4cac94f8cab8>:0 
  at Vuforia.EditorClasses.VuforiaUtilities.IsVuforiaEnabledInPlayerSettings () [0x00000] in <a6afc08737454b11bbcd4cac94f8cab8>:0 
  at VuforiaEnabledObserver..cctor () [0x00000] in <a6afc08737454b11bbcd4cac94f8cab8>:0 
UnityEngine.StackTraceUtility:ExtractStackTrace ()
UnityEngine.DebugLogHandler:LogFormat (UnityEngine.LogType,UnityEngine.Object,string,object[])
UnityEngine.Logger:Log (UnityEngine.LogType,object)
UnityEngine.Debug:LogError (object)
UnityEditor.EditorAssemblies:ProcessInitializeOnLoadAttributes (System.Type[])

[Package Manager] Server::EnsureServerProcessIsRunning -- launch failed, reason: Unity was launched with the -noUpm command-line argument
[Package Manager] Cannot connect to Unity Package Manager local server
System.NullReferenceException: Object reference not set to an instance of an object
  at Vuforia.EditorClasses.ExtensionTypeProvider.GetVuforiaPackageAbsPath () [0x0004a] in <a6afc08737454b11bbcd4cac94f8cab8>:0 
  at Vuforia.EditorClasses.ExtensionTypeProvider.IsPackageManager () [0x00000] in <a6afc08737454b11bbcd4cac94f8cab8>:0 
  at Vuforia.EditorClasses.ExtensionTypeProvider.ResolvePluginType () [0x00009] in <a6afc08737454b11bbcd4cac94f8cab8>:0 
  at Vuforia.EditorClasses.ExtensionTypeProvider.GetPluginType () [0x0000c] in <a6afc08737454b11bbcd4cac94f8cab8>:0 
  at Vuforia.EditorClasses.VuforiaUtilities.IsVuforiaEnabledInPlayerSettings () [0x00000] in <a6afc08737454b11bbcd4cac94f8cab8>:0 
  at Vuforia.EditorClasses.InitializeOnLoadVuforiaTaskRunner..cctor () [0x00015] in <a6afc08737454b11bbcd4cac94f8cab8>:0 
UnityEngine.StackTraceUtility:ExtractStackTrace ()
UnityEngine.DebugLogHandler:LogFormat (UnityEngine.LogType,UnityEngine.Object,string,object[])
UnityEngine.Logger:Log (UnityEngine.LogType,object)
UnityEngine.Debug:LogError (object)
UnityEditor.EditorAssemblies:ProcessInitializeOnLoadAttributes (System.Type[])

Mono: successfully reloaded assembly
- Completed reload, in  2.089 seconds
Domain Reload Profiling:
	ReloadAssembly (2090ms)
		BeginReloadAssembly (176ms)
			ExecutionOrderSort (0ms)
			DisableScriptedObjects (6ms)
			BackupInstance (0ms)
			ReleaseScriptingObjects (0ms)
			CreateAndSetChildDomain (50ms)
		EndReloadAssembly (1778ms)
			LoadAssemblies (115ms)
			RebuildTransferFunctionScriptingTraits (0ms)
			SetupTypeCache (429ms)
			ReleaseScriptCaches (2ms)
			RebuildScriptCaches (56ms)
			SetupLoadedEditorAssemblies (1100ms)
				LogAssemblyErrors (0ms)
				InitializePlatformSupportModulesInManaged (30ms)
				SetLoadedEditorAssemblies (1ms)
				RefreshPlugins (1ms)
				BeforeProcessingInitializeOnLoad (101ms)
				ProcessInitializeOnLoadAttributes (908ms)
				ProcessInitializeOnLoadMethodAttributes (48ms)
				AfterProcessingInitializeOnLoad (11ms)
				EditorAssembliesLoaded (0ms)
			ExecutionOrderSort2 (0ms)
			AwakeInstancesAfterBackupRestoration (13ms)
Platform modules already initialized, skipping
Shader 'PointClouds/PointSplat': fallback shader 'PointClouds/PointSplatLegacy' not found
Refreshing native plugins compatible for Editor in 10.53 ms, found 5 plugins.
Preloading 1 native plugins for Editor in 0.06 ms.
Unloading 3495 Unused Serialized files (Serialized files now loaded: 0)
Unloading 48 unused Assets / (90.5 KB). Loaded Objects now: 4241.
Memory consumption went from 125.3 MB to 125.2 MB.
Total: 5.243100 ms (FindLiveObjects: 0.495300 ms CreateObjectMapping: 0.402300 ms MarkObjects: 4.159600 ms  DeleteObjects: 0.184300 ms)

AssetImportParameters requested are different than current active one (requested -> active):
  custom:video-decoder-ogg-theora: a1e56fd34408186e4bbccfd4996cb3dc -> 
  custom:container-muxer-webm: aa71ff27fc2769a1b78a27578f13a17b -> 
  custom:container-demuxer-webm: 4f35f7cbe854078d1ac9338744f61a02 -> 
  custom:video-encoder-webm-vp8: eb34c28f22e8b96e1ab97ce403110664 -> 
  custom:audio-encoder-webm-vorbis: bf7c407c2cedff20999df2af8eb42d56 -> 
  custom:framework-win-MediaFoundation: 216162199b28c13a410421893ffa2e32 -> 
  custom:container-demuxer-ogg: 62fdf1f143b41e24485cea50d1cbac27 -> 
  custom:video-decoder-webm-vp8: 9c59270c3fd7afecdb556c50c9e8de78 -> 
  custom:audio-decoder-ogg-vorbis: bf7c407c2cedff20999df2af8eb42d56 -> 
========================================================================
Received Import Request.
  Time since last request: 491.395463 seconds.
  path: Assets/Scenes/EntradasMenu.unity
  artifactKey: Guid(e1402cf6170d7464a9d7f29466064d32) Importer(815301076,1909f56bfc062723c751e8b465ee728b)
Start importing Assets/Scenes/EntradasMenu.unity using Guid(e1402cf6170d7464a9d7f29466064d32) Importer(815301076,1909f56bfc062723c751e8b465ee728b)  -> (artifact id: '036b313d906eaab47c900d6aa0e0a03b') in 0.010203 seconds 
========================================================================
Received Import Request.
  Time since last request: 390.555239 seconds.
  path: Assets/FREE Food Pack/Prefabs
  artifactKey: Guid(eb202cfff01ff3b4781697ecfd3852ed) Importer(815301076,1909f56bfc062723c751e8b465ee728b)
Start importing Assets/FREE Food Pack/Prefabs using Guid(eb202cfff01ff3b4781697ecfd3852ed) Importer(815301076,1909f56bfc062723c751e8b465ee728b)  -> (artifact id: '5771e76ffe019c6c2d4cd28f8964525b') in 0.001821 seconds 
========================================================================
Received Import Request.
  Time since last request: 0.099185 seconds.
  path: Assets/FREE Food Pack/Prefabs/Avocado.prefab
  artifactKey: Guid(3245fc5926a7535429f2989cab01a844) Importer(815301076,1909f56bfc062723c751e8b465ee728b)
Start importing Assets/FREE Food Pack/Prefabs/Avocado.prefab using Guid(3245fc5926a7535429f2989cab01a844) Importer(815301076,1909f56bfc062723c751e8b465ee728b)  -> (artifact id: 'ce585fcb652148e331844db00af29009') in 0.223439 seconds 
========================================================================
Received Import Request.
  Time since last request: 0.000027 seconds.
  path: Assets/FREE Food Pack/Prefabs/Pineapple.prefab
  artifactKey: Guid(80c29c7e0bd64654f8f59dda85e24897) Importer(815301076,1909f56bfc062723c751e8b465ee728b)
Start importing Assets/FREE Food Pack/Prefabs/Pineapple.prefab using Guid(80c29c7e0bd64654f8f59dda85e24897) Importer(815301076,1909f56bfc062723c751e8b465ee728b)  -> (artifact id: 'c7ada154bc0fc03f934bf288c50cd79a') in 0.028755 seconds 
========================================================================
Received Import Request.
  Time since last request: 0.000041 seconds.
  path: Assets/FREE Food Pack/Prefabs/Onigiri.prefab
  artifactKey: Guid(b93286b7dfa93834caec88d1044606c2) Importer(815301076,1909f56bfc062723c751e8b465ee728b)
Start importing Assets/FREE Food Pack/Prefabs/Onigiri.prefab using Guid(b93286b7dfa93834caec88d1044606c2) Importer(815301076,1909f56bfc062723c751e8b465ee728b)  -> (artifact id: '3d88fb648579b83fae7e7cb1dd7e8e1a') in 0.035852 seconds 
========================================================================
Received Import Request.
  Time since last request: 0.000030 seconds.
  path: Assets/FREE Food Pack/Prefabs/IceCream_Cone.prefab
  artifactKey: Guid(87a32384fe2633648996ab825d5f4b5b) Importer(815301076,1909f56bfc062723c751e8b465ee728b)
Start importing Assets/FREE Food Pack/Prefabs/IceCream_Cone.prefab using Guid(87a32384fe2633648996ab825d5f4b5b) Importer(815301076,1909f56bfc062723c751e8b465ee728b)  -> (artifact id: 'd0b59692fe026c00c817f998d20cc7d0') in 0.032917 seconds 
========================================================================
Received Import Request.
  Time since last request: 0.000049 seconds.
  path: Assets/FREE Food Pack/Prefabs/Chicken.prefab
  artifactKey: Guid(6e2574af69e1ddd4497a11adb45777a1) Importer(815301076,1909f56bfc062723c751e8b465ee728b)
Start importing Assets/FREE Food Pack/Prefabs/Chicken.prefab using Guid(6e2574af69e1ddd4497a11adb45777a1) Importer(815301076,1909f56bfc062723c751e8b465ee728b)  -> (artifact id: '00271bdd460dad04c08ba5a3be64be4d') in 0.037229 seconds 
========================================================================
Received Import Request.
  Time since last request: 0.000027 seconds.
  path: Assets/FREE Food Pack/Prefabs/HotDog.prefab
  artifactKey: Guid(180079041c49091489282ea6ecb31fbe) Importer(815301076,1909f56bfc062723c751e8b465ee728b)
Start importing Assets/FREE Food Pack/Prefabs/HotDog.prefab using Guid(180079041c49091489282ea6ecb31fbe) Importer(815301076,1909f56bfc062723c751e8b465ee728b)  -> (artifact id: 'c260e06b710587945901f621e38309df') in 0.025890 seconds 
========================================================================
Received Import Request.
  Time since last request: 0.000025 seconds.
  path: Assets/FREE Food Pack/Prefabs/Pizza.prefab
  artifactKey: Guid(2a79153a0e896724caa73afa19f708c8) Importer(815301076,1909f56bfc062723c751e8b465ee728b)
Start importing Assets/FREE Food Pack/Prefabs/Pizza.prefab using Guid(2a79153a0e896724caa73afa19f708c8) Importer(815301076,1909f56bfc062723c751e8b465ee728b)  -> (artifact id: '561f02a58fe8a12ad7889e7f914f4363') in 0.023464 seconds 
========================================================================
Received Import Request.
  Time since last request: 0.000023 seconds.
  path: Assets/FREE Food Pack/Prefabs/Croissant.prefab
  artifactKey: Guid(94d292219d961b445b269659a3994172) Importer(815301076,1909f56bfc062723c751e8b465ee728b)
Start importing Assets/FREE Food Pack/Prefabs/Croissant.prefab using Guid(94d292219d961b445b269659a3994172) Importer(815301076,1909f56bfc062723c751e8b465ee728b)  -> (artifact id: 'b84880a1ef71f095a9dde55dbc971fee') in 0.035524 seconds 
========================================================================
Received Import Request.
  Time since last request: 0.000038 seconds.
  path: Assets/FREE Food Pack/Prefabs/Drink_02.prefab
  artifactKey: Guid(4f544c14cf326b843a5f07e7de41640e) Importer(815301076,1909f56bfc062723c751e8b465ee728b)
Start importing Assets/FREE Food Pack/Prefabs/Drink_02.prefab using Guid(4f544c14cf326b843a5f07e7de41640e) Importer(815301076,1909f56bfc062723c751e8b465ee728b)  -> (artifact id: '82a3c1f4ccbd66b148bfef1a371859e6') in 0.034478 seconds 
========================================================================
Received Import Request.
  Time since last request: 0.000041 seconds.
  path: Assets/FREE Food Pack/Prefabs/Pepper.prefab
  artifactKey: Guid(789e3e78d5881e844ba2a11afa41cbde) Importer(815301076,1909f56bfc062723c751e8b465ee728b)
Start importing Assets/FREE Food Pack/Prefabs/Pepper.prefab using Guid(789e3e78d5881e844ba2a11afa41cbde) Importer(815301076,1909f56bfc062723c751e8b465ee728b)  -> (artifact id: '0b6a0f0ddcb5f051cb543ab2a7b18081') in 0.038239 seconds 
========================================================================
Received Import Request.
  Time since last request: 0.000024 seconds.
  path: Assets/FREE Food Pack/Prefabs/Drink_03.prefab
  artifactKey: Guid(ff586fe8e17ca3a4d9669e3c824a0e29) Importer(815301076,1909f56bfc062723c751e8b465ee728b)
Start importing Assets/FREE Food Pack/Prefabs/Drink_03.prefab using Guid(ff586fe8e17ca3a4d9669e3c824a0e29) Importer(815301076,1909f56bfc062723c751e8b465ee728b)  -> (artifact id: '52f653ab00a2ee6818b7dffe6452e0b2') in 0.037331 seconds 
========================================================================
Received Import Request.
  Time since last request: 0.000029 seconds.
  path: Assets/FREE Food Pack/Prefabs/Steak_Cooked.prefab
  artifactKey: Guid(0b2c2c6617d3fb54ab69e7ff4da40867) Importer(815301076,1909f56bfc062723c751e8b465ee728b)
Start importing Assets/FREE Food Pack/Prefabs/Steak_Cooked.prefab using Guid(0b2c2c6617d3fb54ab69e7ff4da40867) Importer(815301076,1909f56bfc062723c751e8b465ee728b)  -> (artifact id: 'e0fe1d0ef3cfc4c3d483605a8726683f') in 0.034554 seconds 
========================================================================
Received Import Request.
  Time since last request: 0.000023 seconds.
  path: Assets/FREE Food Pack/Prefabs/IceCream.prefab
  artifactKey: Guid(308c89097ca814e44b0ff03d3c0c633b) Importer(815301076,1909f56bfc062723c751e8b465ee728b)
Start importing Assets/FREE Food Pack/Prefabs/IceCream.prefab using Guid(308c89097ca814e44b0ff03d3c0c633b) Importer(815301076,1909f56bfc062723c751e8b465ee728b)  -> (artifact id: '4f665a04a7122202f903ec3a70732834') in 0.037012 seconds 
========================================================================
Received Import Request.
  Time since last request: 0.000038 seconds.
  path: Assets/FREE Food Pack/Prefabs/Shrimp.prefab
  artifactKey: Guid(819bc2dc8cc285d4db64ae40568e2150) Importer(815301076,1909f56bfc062723c751e8b465ee728b)
Start importing Assets/FREE Food Pack/Prefabs/Shrimp.prefab using Guid(819bc2dc8cc285d4db64ae40568e2150) Importer(815301076,1909f56bfc062723c751e8b465ee728b)  -> (artifact id: 'f037396207ea9f71a92473eebaf25318') in 0.043386 seconds 
========================================================================
Received Import Request.
  Time since last request: 0.000035 seconds.
  path: Assets/FREE Food Pack/Prefabs/Eclair_Chocolate.prefab
  artifactKey: Guid(c0c0fda6f19f74b48a689470425ef5a9) Importer(815301076,1909f56bfc062723c751e8b465ee728b)
Start importing Assets/FREE Food Pack/Prefabs/Eclair_Chocolate.prefab using Guid(c0c0fda6f19f74b48a689470425ef5a9) Importer(815301076,1909f56bfc062723c751e8b465ee728b)  -> (artifact id: 'db857c431057ee0a7fa3301cb0856a77') in 0.035349 seconds 
========================================================================
Received Import Request.
  Time since last request: 0.000049 seconds.
  path: Assets/FREE Food Pack/Prefabs/Tempura.prefab
  artifactKey: Guid(3c2e7dbde68087547ae2eeca74dffec4) Importer(815301076,1909f56bfc062723c751e8b465ee728b)
Start importing Assets/FREE Food Pack/Prefabs/Tempura.prefab using Guid(3c2e7dbde68087547ae2eeca74dffec4) Importer(815301076,1909f56bfc062723c751e8b465ee728b)  -> (artifact id: 'eb188f3bafc72ec00823521f01203529') in 0.035192 seconds 
========================================================================
Received Import Request.
  Time since last request: 0.000025 seconds.
  path: Assets/FREE Food Pack/Prefabs/Fries.prefab
  artifactKey: Guid(9b21be590f33e0d4ba19fec73ce555da) Importer(815301076,1909f56bfc062723c751e8b465ee728b)
Start importing Assets/FREE Food Pack/Prefabs/Fries.prefab using Guid(9b21be590f33e0d4ba19fec73ce555da) Importer(815301076,1909f56bfc062723c751e8b465ee728b)  -> (artifact id: '6c266b3fea6ed4e74a5bb2becba09db5') in 0.032438 seconds 
========================================================================
Received Import Request.
  Time since last request: 0.000105 seconds.
  path: Assets/FREE Food Pack/Prefabs/Chili.prefab
  artifactKey: Guid(a2a488e7caca6bd4280bf13b8e973858) Importer(815301076,1909f56bfc062723c751e8b465ee728b)
Start importing Assets/FREE Food Pack/Prefabs/Chili.prefab using Guid(a2a488e7caca6bd4280bf13b8e973858) Importer(815301076,1909f56bfc062723c751e8b465ee728b)  -> (artifact id: '5072d93c775d14c5b3fe8e2c4b14357a') in 0.044381 seconds 
========================================================================
Received Import Request.
  Time since last request: 0.000031 seconds.
  path: Assets/FREE Food Pack/Prefabs/Donut.prefab
  artifactKey: Guid(931dfc52fd271a846b05a6bf70694fca) Importer(815301076,1909f56bfc062723c751e8b465ee728b)
Start importing Assets/FREE Food Pack/Prefabs/Donut.prefab using Guid(931dfc52fd271a846b05a6bf70694fca) Importer(815301076,1909f56bfc062723c751e8b465ee728b)  -> (artifact id: '40546cd4a74e7905ab224b6cc3053708') in 0.037102 seconds 
========================================================================
Received Import Request.
  Time since last request: 0.000024 seconds.
  path: Assets/FREE Food Pack/Prefabs/SweetPepper.prefab
  artifactKey: Guid(eae0d75f8edbe3349b65105f0c6b5665) Importer(815301076,1909f56bfc062723c751e8b465ee728b)
Start importing Assets/FREE Food Pack/Prefabs/SweetPepper.prefab using Guid(eae0d75f8edbe3349b65105f0c6b5665) Importer(815301076,1909f56bfc062723c751e8b465ee728b)  -> (artifact id: '2f866570d1c0d3a300270372ed35e20f') in 0.051094 seconds 
========================================================================
Received Import Request.
  Time since last request: 0.000043 seconds.
  path: Assets/FREE Food Pack/Prefabs/Cheese_02.prefab
  artifactKey: Guid(b7d70d80ddd390f41a1bdde5957f74f0) Importer(815301076,1909f56bfc062723c751e8b465ee728b)
Start importing Assets/FREE Food Pack/Prefabs/Cheese_02.prefab using Guid(b7d70d80ddd390f41a1bdde5957f74f0) Importer(815301076,1909f56bfc062723c751e8b465ee728b)  -> (artifact id: 'f7a5732f2da0053ab87b1a08786e9179') in 0.033069 seconds 
========================================================================
Received Import Request.
  Time since last request: 0.000035 seconds.
  path: Assets/FREE Food Pack/Prefabs/Tacos.prefab
  artifactKey: Guid(927b358a489fa874780f1278268d7bfb) Importer(815301076,1909f56bfc062723c751e8b465ee728b)
Start importing Assets/FREE Food Pack/Prefabs/Tacos.prefab using Guid(927b358a489fa874780f1278268d7bfb) Importer(815301076,1909f56bfc062723c751e8b465ee728b)  -> (artifact id: '3e8e27f95fc5ce2fd3622030b36954b8') in 0.033152 seconds 
========================================================================
Received Import Request.
  Time since last request: 4.456217 seconds.
  path: Assets/FREE Food Pack/Prefabs/Toast.prefab
  artifactKey: Guid(00a1a863a89404d46a228ffab189f332) Importer(815301076,1909f56bfc062723c751e8b465ee728b)
Start importing Assets/FREE Food Pack/Prefabs/Toast.prefab using Guid(00a1a863a89404d46a228ffab189f332) Importer(815301076,1909f56bfc062723c751e8b465ee728b)  -> (artifact id: '76de75795169b07544c6fdd67ef02e21') in 0.036240 seconds 
Editor requested this worker to shutdown with reason: Scaling down because of idle timeout
AssetImportWorker is now disconnected from the server
Process exiting
Exiting without the bug reporter. Application will terminate with return code 0