Using pre-set license
Built from '2021.3/staging' branch; Version is '2021.3.11f1 (0a5ca18544bf) revision 679073'; Using compiler version '192829333'; Build Type 'Release'
OS: 'Windows 11  (10.0.22000) 64bit Core' Language: 'es' Physical Memory: 16258 MB
BatchMode: 1, IsHumanControllingUs: 0, StartBugReporterOnCrash: 0, Is64bit: 1, IsPro: 1

COMMAND LINE ARGUMENTS:
C:\Program Files\Unity\Hub\Editor\2021.3.11f1\Editor\Unity.exe
-adb2
-batchMode
-noUpm
-name
AssetImportWorker0
-projectPath
C:/Users/elkin/Com_Grafica/ProyectoFinal_G6
-logFile
Logs/AssetImportWorker0.log
-srvPort
21389
Successfully changed project path to: C:/Users/elkin/Com_Grafica/ProyectoFinal_G6
C:/Users/elkin/Com_Grafica/ProyectoFinal_G6
[UnityMemory] Configuration Parameters - Can be set up in boot.config
    "memorysetup-bucket-allocator-granularity=16"
    "memorysetup-bucket-allocator-bucket-count=8"
    "memorysetup-bucket-allocator-block-size=33554432"
    "memorysetup-bucket-allocator-block-count=8"
    "memorysetup-main-allocator-block-size=16777216"
    "memorysetup-thread-allocator-block-size=16777216"
    "memorysetup-gfx-main-allocator-block-size=16777216"
    "memorysetup-gfx-thread-allocator-block-size=16777216"
    "memorysetup-cache-allocator-block-size=4194304"
    "memorysetup-typetree-allocator-block-size=2097152"
    "memorysetup-profiler-bucket-allocator-granularity=16"
    "memorysetup-profiler-bucket-allocator-bucket-count=8"
    "memorysetup-profiler-bucket-allocator-block-size=33554432"
    "memorysetup-profiler-bucket-allocator-block-count=8"
    "memorysetup-profiler-allocator-block-size=16777216"
    "memorysetup-profiler-editor-allocator-block-size=1048576"
    "memorysetup-temp-allocator-size-main=16777216"
    "memorysetup-job-temp-allocator-block-size=2097152"
    "memorysetup-job-temp-allocator-block-size-background=1048576"
    "memorysetup-job-temp-allocator-reduction-small-platforms=262144"
    "memorysetup-temp-allocator-size-background-worker=32768"
    "memorysetup-temp-allocator-size-job-worker=262144"
    "memorysetup-temp-allocator-size-preload-manager=33554432"
    "memorysetup-temp-allocator-size-nav-mesh-worker=65536"
    "memorysetup-temp-allocator-size-audio-worker=65536"
    "memorysetup-temp-allocator-size-cloud-worker=32768"
    "memorysetup-temp-allocator-size-gi-baking-worker=262144"
    "memorysetup-temp-allocator-size-gfx=262144"
Refreshing native plugins compatible for Editor in 123.36 ms, found 5 plugins.
Preloading 1 native plugins for Editor in 1.04 ms.
Initialize engine version: 2021.3.11f1 (0a5ca18544bf)
[Subsystems] Discovering subsystems at path C:/Program Files/Unity/Hub/Editor/2021.3.11f1/Editor/Data/Resources/UnitySubsystems
[Subsystems] Discovering subsystems at path C:/Users/elkin/Com_Grafica/ProyectoFinal_G6/Assets
GfxDevice: creating device client; threaded=0; jobified=0
Direct3D:
    Version:  Direct3D 11.0 [level 11.1]
    Renderer: NVIDIA GeForce RTX 2060 (ID=0x1f11)
    Vendor:   NVIDIA
    VRAM:     5968 MB
    Driver:   31.0.15.2661
Shader 'PointClouds/PointSplat': fallback shader 'PointClouds/PointSplatLegacy' not found
Initialize mono
Mono path[0] = 'C:/Program Files/Unity/Hub/Editor/2021.3.11f1/Editor/Data/Managed'
Mono path[1] = 'C:/Program Files/Unity/Hub/Editor/2021.3.11f1/Editor/Data/MonoBleedingEdge/lib/mono/unityjit-win32'
Mono config path = 'C:/Program Files/Unity/Hub/Editor/2021.3.11f1/Editor/Data/MonoBleedingEdge/etc'
Using monoOptions --debugger-agent=transport=dt_socket,embedding=1,server=y,suspend=n,address=127.0.0.1:56372
Begin MonoManager ReloadAssembly
Registering precompiled unity dll's ...
Register platform support module: C:/Program Files/Unity/Hub/Editor/2021.3.11f1/Editor/Data/PlaybackEngines/AndroidPlayer/UnityEditor.Android.Extensions.dll
Register platform support module: C:/Program Files/Unity/Hub/Editor/2021.3.11f1/Editor/Data/PlaybackEngines/WindowsStandaloneSupport/UnityEditor.WindowsStandalone.Extensions.dll
Register platform support module: C:/Program Files/Unity/Hub/Editor/2021.3.11f1/Editor/Data/PlaybackEngines/MetroSupport/UnityEditor.UWP.Extensions.dll
Registered in 0.010205 seconds.
Native extension for UWP target not found
Native extension for WindowsStandalone target not found
Native extension for Android target not found
Refreshing native plugins compatible for Editor in 115.04 ms, found 5 plugins.
Preloading 1 native plugins for Editor in 0.05 ms.
Mono: successfully reloaded assembly
- Completed reload, in  0.847 seconds
Domain Reload Profiling:
	ReloadAssembly (848ms)
		BeginReloadAssembly (93ms)
			ExecutionOrderSort (0ms)
			DisableScriptedObjects (0ms)
			BackupInstance (0ms)
			ReleaseScriptingObjects (0ms)
			CreateAndSetChildDomain (1ms)
		EndReloadAssembly (612ms)
			LoadAssemblies (91ms)
			RebuildTransferFunctionScriptingTraits (0ms)
			SetupTypeCache (138ms)
			ReleaseScriptCaches (0ms)
			RebuildScriptCaches (35ms)
			SetupLoadedEditorAssemblies (376ms)
				LogAssemblyErrors (0ms)
				InitializePlatformSupportModulesInManaged (73ms)
				SetLoadedEditorAssemblies (0ms)
				RefreshPlugins (115ms)
				BeforeProcessingInitializeOnLoad (1ms)
				ProcessInitializeOnLoadAttributes (129ms)
				ProcessInitializeOnLoadMethodAttributes (56ms)
				AfterProcessingInitializeOnLoad (0ms)
				EditorAssembliesLoaded (0ms)
			ExecutionOrderSort2 (0ms)
			AwakeInstancesAfterBackupRestoration (0ms)
Platform modules already initialized, skipping
Registering precompiled user dll's ...
Registered in 0.014928 seconds.
Begin MonoManager ReloadAssembly
Symbol file LoadedFromMemory doesn't match image C:\Users\elkin\Com_Grafica\ProyectoFinal_G6\Library\PackageCache\com.unity.visualscripting@1.7.8\Editor\VisualScripting.Core\Dependencies\DotNetZip\Unity.VisualScripting.IonicZip.dll
Symbol file LoadedFromMemory doesn't match image C:\Users\elkin\Com_Grafica\ProyectoFinal_G6\Library\PackageCache\com.unity.visualscripting@1.7.8\Editor\VisualScripting.Core\Dependencies\YamlDotNet\Unity.VisualScripting.YamlDotNet.dll
Native extension for UWP target not found
Native extension for WindowsStandalone target not found
Native extension for Android target not found
Refreshing native plugins compatible for Editor in 1.54 ms, found 5 plugins.
Preloading 1 native plugins for Editor in 0.06 ms.
Package Manager log level set to [2]
[Package Manager] Server::EnsureServerProcessIsRunning -- launch failed, reason: Unity was launched with the -noUpm command-line argument
[Package Manager] Cannot connect to Unity Package Manager local server
System.NullReferenceException: Object reference not set to an instance of an object
  at Vuforia.EditorClasses.ExtensionTypeProvider.GetVuforiaPackageAbsPath () [0x0004a] in <a6afc08737454b11bbcd4cac94f8cab8>:0 
  at Vuforia.EditorClasses.ExtensionTypeProvider.IsPackageManager () [0x00000] in <a6afc08737454b11bbcd4cac94f8cab8>:0 
  at Vuforia.EditorClasses.ExtensionTypeProvider.ResolvePluginType () [0x00009] in <a6afc08737454b11bbcd4cac94f8cab8>:0 
  at Vuforia.EditorClasses.ExtensionTypeProvider.GetPluginType () [0x0000c] in <a6afc08737454b11bbcd4cac94f8cab8>:0 
  at Vuforia.EditorClasses.VuforiaUtilities.IsVuforiaEnabledInPlayerSettings () [0x00000] in <a6afc08737454b11bbcd4cac94f8cab8>:0 
  at VuforiaEnabledObserver..cctor () [0x00000] in <a6afc08737454b11bbcd4cac94f8cab8>:0 
UnityEngine.StackTraceUtility:ExtractStackTrace ()
UnityEngine.DebugLogHandler:LogFormat (UnityEngine.LogType,UnityEngine.Object,string,object[])
UnityEngine.Logger:Log (UnityEngine.LogType,object)
UnityEngine.Debug:LogError (object)
UnityEditor.EditorAssemblies:ProcessInitializeOnLoadAttributes (System.Type[])

[Package Manager] Server::EnsureServerProcessIsRunning -- launch failed, reason: Unity was launched with the -noUpm command-line argument
[Package Manager] Cannot connect to Unity Package Manager local server
System.NullReferenceException: Object reference not set to an instance of an object
  at Vuforia.EditorClasses.ExtensionTypeProvider.GetVuforiaPackageAbsPath () [0x0004a] in <a6afc08737454b11bbcd4cac94f8cab8>:0 
  at Vuforia.EditorClasses.ExtensionTypeProvider.IsPackageManager () [0x00000] in <a6afc08737454b11bbcd4cac94f8cab8>:0 
  at Vuforia.EditorClasses.ExtensionTypeProvider.ResolvePluginType () [0x00009] in <a6afc08737454b11bbcd4cac94f8cab8>:0 
  at Vuforia.EditorClasses.ExtensionTypeProvider.GetPluginType () [0x0000c] in <a6afc08737454b11bbcd4cac94f8cab8>:0 
  at Vuforia.EditorClasses.VuforiaUtilities.IsVuforiaEnabledInPlayerSettings () [0x00000] in <a6afc08737454b11bbcd4cac94f8cab8>:0 
  at Vuforia.EditorClasses.InitializeOnLoadVuforiaTaskRunner..cctor () [0x00015] in <a6afc08737454b11bbcd4cac94f8cab8>:0 
UnityEngine.StackTraceUtility:ExtractStackTrace ()
UnityEngine.DebugLogHandler:LogFormat (UnityEngine.LogType,UnityEngine.Object,string,object[])
UnityEngine.Logger:Log (UnityEngine.LogType,object)
UnityEngine.Debug:LogError (object)
UnityEditor.EditorAssemblies:ProcessInitializeOnLoadAttributes (System.Type[])

Mono: successfully reloaded assembly
- Completed reload, in  2.050 seconds
Domain Reload Profiling:
	ReloadAssembly (2052ms)
		BeginReloadAssembly (264ms)
			ExecutionOrderSort (0ms)
			DisableScriptedObjects (7ms)
			BackupInstance (0ms)
			ReleaseScriptingObjects (0ms)
			CreateAndSetChildDomain (134ms)
		EndReloadAssembly (1616ms)
			LoadAssemblies (116ms)
			RebuildTransferFunctionScriptingTraits (0ms)
			SetupTypeCache (374ms)
			ReleaseScriptCaches (1ms)
			RebuildScriptCaches (72ms)
			SetupLoadedEditorAssemblies (1009ms)
				LogAssemblyErrors (0ms)
				InitializePlatformSupportModulesInManaged (16ms)
				SetLoadedEditorAssemblies (1ms)
				RefreshPlugins (2ms)
				BeforeProcessingInitializeOnLoad (122ms)
				ProcessInitializeOnLoadAttributes (814ms)
				ProcessInitializeOnLoadMethodAttributes (43ms)
				AfterProcessingInitializeOnLoad (11ms)
				EditorAssembliesLoaded (0ms)
			ExecutionOrderSort2 (0ms)
			AwakeInstancesAfterBackupRestoration (9ms)
Platform modules already initialized, skipping
========================================================================
Worker process is ready to serve import requests
Shader 'PointClouds/PointSplat': fallback shader 'PointClouds/PointSplatLegacy' not found
Launched and connected shader compiler UnityShaderCompiler.exe after 0.06 seconds
Refreshing native plugins compatible for Editor in 0.91 ms, found 5 plugins.
Preloading 1 native plugins for Editor in 0.06 ms.
Unloading 3506 Unused Serialized files (Serialized files now loaded: 0)
Unloading 56 unused Assets / (124.2 KB). Loaded Objects now: 4223.
Memory consumption went from 125.5 MB to 125.3 MB.
Total: 4.355000 ms (FindLiveObjects: 0.376400 ms CreateObjectMapping: 0.326900 ms MarkObjects: 3.498400 ms  DeleteObjects: 0.151700 ms)

AssetImportParameters requested are different than current active one (requested -> active):
  custom:video-decoder-ogg-theora: a1e56fd34408186e4bbccfd4996cb3dc -> 
  custom:container-muxer-webm: aa71ff27fc2769a1b78a27578f13a17b -> 
  custom:container-demuxer-webm: 4f35f7cbe854078d1ac9338744f61a02 -> 
  custom:video-encoder-webm-vp8: eb34c28f22e8b96e1ab97ce403110664 -> 
  custom:audio-encoder-webm-vorbis: bf7c407c2cedff20999df2af8eb42d56 -> 
  custom:framework-win-MediaFoundation: 216162199b28c13a410421893ffa2e32 -> 
  custom:container-demuxer-ogg: 62fdf1f143b41e24485cea50d1cbac27 -> 
  custom:video-decoder-webm-vp8: 9c59270c3fd7afecdb556c50c9e8de78 -> 
  custom:audio-decoder-ogg-vorbis: bf7c407c2cedff20999df2af8eb42d56 -> 
========================================================================
Received Import Request.
  Time since last request: 210058.602918 seconds.
  path: Assets/Iconos/soda-pop (1).png
  artifactKey: Guid(e4afad38037709c4db6d22ee343a0c92) Importer(815301076,1909f56bfc062723c751e8b465ee728b)
Start importing Assets/Iconos/soda-pop (1).png using Guid(e4afad38037709c4db6d22ee343a0c92) Importer(815301076,1909f56bfc062723c751e8b465ee728b)  -> (artifact id: '9af508cc9efd6224f963d0ad46ab1c06') in 0.119183 seconds 
========================================================================
Received Import Request.
  Time since last request: 6.971065 seconds.
  path: Assets/Iconos/dish.png
  artifactKey: Guid(24cfd2fe99918754f8ae48c9c12b8eb1) Importer(815301076,1909f56bfc062723c751e8b465ee728b)
Start importing Assets/Iconos/dish.png using Guid(24cfd2fe99918754f8ae48c9c12b8eb1) Importer(815301076,1909f56bfc062723c751e8b465ee728b)  -> (artifact id: 'fb0003e61ff58de7dab8b76b28ee4e15') in 0.013200 seconds 
========================================================================
Received Import Request.
  Time since last request: 23.321381 seconds.
  path: Assets/Iconos/salad.png
  artifactKey: Guid(a5847aeae87c20441a8e1d1dbcdf87f6) Importer(815301076,1909f56bfc062723c751e8b465ee728b)
Start importing Assets/Iconos/salad.png using Guid(a5847aeae87c20441a8e1d1dbcdf87f6) Importer(815301076,1909f56bfc062723c751e8b465ee728b)  -> (artifact id: '0e6a777161ed0fb22bff23dd8d10dbca') in 0.013037 seconds 
========================================================================
Received Import Request.
  Time since last request: 10.110911 seconds.
  path: Assets/Iconos/salad.png
  artifactKey: Guid(a5847aeae87c20441a8e1d1dbcdf87f6) Importer(815301076,1909f56bfc062723c751e8b465ee728b)
Start importing Assets/Iconos/salad.png using Guid(a5847aeae87c20441a8e1d1dbcdf87f6) Importer(815301076,1909f56bfc062723c751e8b465ee728b)  -> (artifact id: 'cf8f5d86b66cdc55b069a18ce43704a0') in 0.085704 seconds 
========================================================================
Received Import Request.
  Time since last request: 7.526559 seconds.
  path: Assets/Iconos/soda-pop (1).png
  artifactKey: Guid(e4afad38037709c4db6d22ee343a0c92) Importer(815301076,1909f56bfc062723c751e8b465ee728b)
Start importing Assets/Iconos/soda-pop (1).png using Guid(e4afad38037709c4db6d22ee343a0c92) Importer(815301076,1909f56bfc062723c751e8b465ee728b)  -> (artifact id: '89af713261378308702d94468405905a') in 0.032313 seconds 
========================================================================
Received Import Request.
  Time since last request: 13.600154 seconds.
  path: Assets/Iconos/dish.png
  artifactKey: Guid(24cfd2fe99918754f8ae48c9c12b8eb1) Importer(815301076,1909f56bfc062723c751e8b465ee728b)
Start importing Assets/Iconos/dish.png using Guid(24cfd2fe99918754f8ae48c9c12b8eb1) Importer(815301076,1909f56bfc062723c751e8b465ee728b)  -> (artifact id: 'b379eba190df3001021f41222169c9c7') in 0.031200 seconds 
========================================================================
Received Import Request.
  Time since last request: 85.193103 seconds.
  path: Assets/Food Pack Mixed/Prefabs/Almonds.prefab
  artifactKey: Guid(de210fd90ad6dc646b16695a73ecb68b) Importer(815301076,1909f56bfc062723c751e8b465ee728b)
Start importing Assets/Food Pack Mixed/Prefabs/Almonds.prefab using Guid(de210fd90ad6dc646b16695a73ecb68b) Importer(815301076,1909f56bfc062723c751e8b465ee728b)  -> (artifact id: 'b7c7165197d4c2f3f9671efdea03fde5') in 0.447314 seconds 
========================================================================
Received Import Request.
  Time since last request: 0.000062 seconds.
  path: Assets/Food Pack Mixed/Prefabs/Flour.prefab
  artifactKey: Guid(0412da73630dc1a4fa11e9954759da55) Importer(815301076,1909f56bfc062723c751e8b465ee728b)
Start importing Assets/Food Pack Mixed/Prefabs/Flour.prefab using Guid(0412da73630dc1a4fa11e9954759da55) Importer(815301076,1909f56bfc062723c751e8b465ee728b)  -> (artifact id: '8cafc4a72651d83d2ab3f8455d2d7feb') in 0.129769 seconds 
========================================================================
Received Import Request.
  Time since last request: 0.000076 seconds.
  path: Assets/Food Pack Mixed/Prefabs/VanillaExtract_NoVariants (761 tris).prefab
  artifactKey: Guid(6a7f9fef53fe12d4fb1f9cc72c88b568) Importer(815301076,1909f56bfc062723c751e8b465ee728b)
Start importing Assets/Food Pack Mixed/Prefabs/VanillaExtract_NoVariants (761 tris).prefab using Guid(6a7f9fef53fe12d4fb1f9cc72c88b568) Importer(815301076,1909f56bfc062723c751e8b465ee728b)  -> (artifact id: 'b141b03ae7fc3fb3bad2271ce5fdd25c') in 0.458025 seconds 
========================================================================
Received Import Request.
  Time since last request: 0.000037 seconds.
  path: Assets/Food Pack Mixed/Prefabs/Cheese.prefab
  artifactKey: Guid(01b73c6adbc49e547a4050d07ce31bca) Importer(815301076,1909f56bfc062723c751e8b465ee728b)
Start importing Assets/Food Pack Mixed/Prefabs/Cheese.prefab using Guid(01b73c6adbc49e547a4050d07ce31bca) Importer(815301076,1909f56bfc062723c751e8b465ee728b)  -> (artifact id: 'd07e060572098a17977a52538ff16327') in 0.023812 seconds 
========================================================================
Received Import Request.
  Time since last request: 0.000037 seconds.
  path: Assets/Food Pack Mixed/Prefabs/TomatoPuree_41 Tris.prefab
  artifactKey: Guid(31e2b91e762f6f74984b7dfa41880b93) Importer(815301076,1909f56bfc062723c751e8b465ee728b)
Start importing Assets/Food Pack Mixed/Prefabs/TomatoPuree_41 Tris.prefab using Guid(31e2b91e762f6f74984b7dfa41880b93) Importer(815301076,1909f56bfc062723c751e8b465ee728b)  -> (artifact id: '2d93ff8d8cc9d50bdd78f12984ade654') in 0.037607 seconds 
========================================================================
Received Import Request.
  Time since last request: 0.000032 seconds.
  path: Assets/Food Pack Mixed/Prefabs/Yogurt_41 Tris.prefab
  artifactKey: Guid(62aff30fa9c9d01419de0b76034f723b) Importer(815301076,1909f56bfc062723c751e8b465ee728b)
Start importing Assets/Food Pack Mixed/Prefabs/Yogurt_41 Tris.prefab using Guid(62aff30fa9c9d01419de0b76034f723b) Importer(815301076,1909f56bfc062723c751e8b465ee728b)  -> (artifact id: 'a4f14f34b33ae49f2b2f87713773ea2d') in 0.030500 seconds 
========================================================================
Received Import Request.
  Time since last request: 0.000026 seconds.
  path: Assets/Food Pack Mixed/Prefabs/Onion.prefab
  artifactKey: Guid(67791c4ce16c99442ac667f6e8c08792) Importer(815301076,1909f56bfc062723c751e8b465ee728b)
Start importing Assets/Food Pack Mixed/Prefabs/Onion.prefab using Guid(67791c4ce16c99442ac667f6e8c08792) Importer(815301076,1909f56bfc062723c751e8b465ee728b)  -> (artifact id: 'ac408ea2757f8f4f91ead9909c1ff879') in 0.191706 seconds 
========================================================================
Received Import Request.
  Time since last request: 0.000030 seconds.
  path: Assets/Food Pack Mixed/Prefabs/egg.prefab
  artifactKey: Guid(cd34e36aeaf1bad4095970c60043ab39) Importer(815301076,1909f56bfc062723c751e8b465ee728b)
Start importing Assets/Food Pack Mixed/Prefabs/egg.prefab using Guid(cd34e36aeaf1bad4095970c60043ab39) Importer(815301076,1909f56bfc062723c751e8b465ee728b)  -> (artifact id: '68a536757f16893f99b2ab6cdf1f3d44') in 0.033460 seconds 
========================================================================
Received Import Request.
  Time since last request: 0.000037 seconds.
  path: Assets/Food Pack Mixed/Prefabs/Carrots.prefab
  artifactKey: Guid(d84175fc0fe8e2b4497a019ac65c2c30) Importer(815301076,1909f56bfc062723c751e8b465ee728b)
Start importing Assets/Food Pack Mixed/Prefabs/Carrots.prefab using Guid(d84175fc0fe8e2b4497a019ac65c2c30) Importer(815301076,1909f56bfc062723c751e8b465ee728b)  -> (artifact id: '9d73b0d50f2e17944ce7c6e77498cea7') in 0.080730 seconds 
========================================================================
Received Import Request.
  Time since last request: 0.000022 seconds.
  path: Assets/Food Pack Mixed/Prefabs/Cherries.prefab
  artifactKey: Guid(157c152b742b53d47a699c534a055cd0) Importer(815301076,1909f56bfc062723c751e8b465ee728b)
Start importing Assets/Food Pack Mixed/Prefabs/Cherries.prefab using Guid(157c152b742b53d47a699c534a055cd0) Importer(815301076,1909f56bfc062723c751e8b465ee728b)  -> (artifact id: '23534e9647089f5faadc9372318f530d') in 0.104065 seconds 
========================================================================
Received Import Request.
  Time since last request: 0.000032 seconds.
  path: Assets/Food Pack Mixed/Prefabs/WhiteCreamCheese_41 Tris.prefab
  artifactKey: Guid(4f2881ce5dce9be4bbdcaf2ea1faa638) Importer(815301076,1909f56bfc062723c751e8b465ee728b)
Start importing Assets/Food Pack Mixed/Prefabs/WhiteCreamCheese_41 Tris.prefab using Guid(4f2881ce5dce9be4bbdcaf2ea1faa638) Importer(815301076,1909f56bfc062723c751e8b465ee728b)  -> (artifact id: 'ea60a32da211e3c0f6ebef6f038e5c7f') in 0.032396 seconds 
========================================================================
Received Import Request.
  Time since last request: 0.000043 seconds.
  path: Assets/Food Pack Mixed/Prefabs/EnergyDrink.prefab
  artifactKey: Guid(5dde715321dce0e418693105bae038f9) Importer(815301076,1909f56bfc062723c751e8b465ee728b)
Start importing Assets/Food Pack Mixed/Prefabs/EnergyDrink.prefab using Guid(5dde715321dce0e418693105bae038f9) Importer(815301076,1909f56bfc062723c751e8b465ee728b)  -> (artifact id: 'f97a04f5652d5763a2e039073533ff80') in 0.036554 seconds 
========================================================================
Received Import Request.
  Time since last request: 0.000039 seconds.
  path: Assets/Food Pack Mixed/Prefabs/Skinned_Chicken.prefab
  artifactKey: Guid(86404d6d44e2f834cbc72d8014f193cf) Importer(815301076,1909f56bfc062723c751e8b465ee728b)
Start importing Assets/Food Pack Mixed/Prefabs/Skinned_Chicken.prefab using Guid(86404d6d44e2f834cbc72d8014f193cf) Importer(815301076,1909f56bfc062723c751e8b465ee728b)  -> (artifact id: 'de6f54e2e116bb64e013ac47bbe09f8e') in 0.128746 seconds 
========================================================================
Received Import Request.
  Time since last request: 0.000044 seconds.
  path: Assets/Food Pack Mixed/Prefabs/Mushrooms.prefab
  artifactKey: Guid(73f8069633790904f97586ad4fac56a9) Importer(815301076,1909f56bfc062723c751e8b465ee728b)
Start importing Assets/Food Pack Mixed/Prefabs/Mushrooms.prefab using Guid(73f8069633790904f97586ad4fac56a9) Importer(815301076,1909f56bfc062723c751e8b465ee728b)  -> (artifact id: '671cf12c33272fd3d187570da4c92272') in 0.058673 seconds 
========================================================================
Received Import Request.
  Time since last request: 0.000025 seconds.
  path: Assets/Food Pack Mixed/Prefabs/GarlicCloves.prefab
  artifactKey: Guid(b610904c6c445174ca7fa1f39e38a6eb) Importer(815301076,1909f56bfc062723c751e8b465ee728b)
Start importing Assets/Food Pack Mixed/Prefabs/GarlicCloves.prefab using Guid(b610904c6c445174ca7fa1f39e38a6eb) Importer(815301076,1909f56bfc062723c751e8b465ee728b)  -> (artifact id: 'ff09bb018fae5c4c77e9bcd7eaa23c9d') in 0.049003 seconds 
========================================================================
Received Import Request.
  Time since last request: 0.000042 seconds.
  path: Assets/Food Pack Mixed/Prefabs/BlackPepper.prefab
  artifactKey: Guid(ef8149f66ca28af4a871b92b646eb080) Importer(815301076,1909f56bfc062723c751e8b465ee728b)
Start importing Assets/Food Pack Mixed/Prefabs/BlackPepper.prefab using Guid(ef8149f66ca28af4a871b92b646eb080) Importer(815301076,1909f56bfc062723c751e8b465ee728b)  -> (artifact id: '61d5f10b664c8fef4f3818e14868f6a3') in 0.023413 seconds 
========================================================================
Received Import Request.
  Time since last request: 0.000036 seconds.
  path: Assets/Food Pack Mixed/Prefabs/Tomato.prefab
  artifactKey: Guid(631b072a88243ca4c99acaa4414cd28f) Importer(815301076,1909f56bfc062723c751e8b465ee728b)
Start importing Assets/Food Pack Mixed/Prefabs/Tomato.prefab using Guid(631b072a88243ca4c99acaa4414cd28f) Importer(815301076,1909f56bfc062723c751e8b465ee728b)  -> (artifact id: 'c4f816171f49fda55143ed9b730645dd') in 0.081529 seconds 
========================================================================
Received Import Request.
  Time since last request: 0.000035 seconds.
  path: Assets/Food Pack Mixed/Prefabs/ChilliPowder.prefab
  artifactKey: Guid(0a192fa34d09c63438d3c0fd81ddab90) Importer(815301076,1909f56bfc062723c751e8b465ee728b)
Start importing Assets/Food Pack Mixed/Prefabs/ChilliPowder.prefab using Guid(0a192fa34d09c63438d3c0fd81ddab90) Importer(815301076,1909f56bfc062723c751e8b465ee728b)  -> (artifact id: '5807132ed27dd12d873526280497b52b') in 0.038127 seconds 
========================================================================
Received Import Request.
  Time since last request: 0.000055 seconds.
  path: Assets/Food Pack Mixed/Prefabs/Capsicum.prefab
  artifactKey: Guid(8f069a4ce18677f4db8b5f022cb729e1) Importer(815301076,1909f56bfc062723c751e8b465ee728b)
Start importing Assets/Food Pack Mixed/Prefabs/Capsicum.prefab using Guid(8f069a4ce18677f4db8b5f022cb729e1) Importer(815301076,1909f56bfc062723c751e8b465ee728b)  -> (artifact id: 'c780cd92b3abc22acb7685cce5be0796') in 0.034093 seconds 
========================================================================
Received Import Request.
  Time since last request: 0.000028 seconds.
  path: Assets/Food Pack Mixed/Prefabs/DriedGarlicPowder.prefab
  artifactKey: Guid(d29d283951cbb694ba0a4e7da9b5ec98) Importer(815301076,1909f56bfc062723c751e8b465ee728b)
Start importing Assets/Food Pack Mixed/Prefabs/DriedGarlicPowder.prefab using Guid(d29d283951cbb694ba0a4e7da9b5ec98) Importer(815301076,1909f56bfc062723c751e8b465ee728b)  -> (artifact id: '2a4dcbd3436024dd1e6189d291819d7c') in 0.027543 seconds 
========================================================================
Received Import Request.
  Time since last request: 0.000071 seconds.
  path: Assets/Food Pack Mixed/Prefabs/Chips.prefab
  artifactKey: Guid(ccebba70701c0f245bf8f19075efd2e8) Importer(815301076,1909f56bfc062723c751e8b465ee728b)
Start importing Assets/Food Pack Mixed/Prefabs/Chips.prefab using Guid(ccebba70701c0f245bf8f19075efd2e8) Importer(815301076,1909f56bfc062723c751e8b465ee728b)  -> (artifact id: '701c536b8f2f70b26aed753983f63185') in 0.022494 seconds 
========================================================================
Received Import Request.
  Time since last request: 0.000026 seconds.
  path: Assets/Food Pack Mixed/Prefabs/BlueBerries.prefab
  artifactKey: Guid(c7c237ea5aba3e3498cd1e34a39b3a6a) Importer(815301076,1909f56bfc062723c751e8b465ee728b)
Start importing Assets/Food Pack Mixed/Prefabs/BlueBerries.prefab using Guid(c7c237ea5aba3e3498cd1e34a39b3a6a) Importer(815301076,1909f56bfc062723c751e8b465ee728b)  -> (artifact id: '93b53918c043749ba5a40d6491ecf25e') in 0.030061 seconds 
========================================================================
Received Import Request.
  Time since last request: 0.000027 seconds.
  path: Assets/Food Pack Mixed/Prefabs/CocoaPowder.prefab
  artifactKey: Guid(3c12f8b956d1b514182a249e12f61de1) Importer(815301076,1909f56bfc062723c751e8b465ee728b)
Start importing Assets/Food Pack Mixed/Prefabs/CocoaPowder.prefab using Guid(3c12f8b956d1b514182a249e12f61de1) Importer(815301076,1909f56bfc062723c751e8b465ee728b)  -> (artifact id: '7fcc8f6ee17dde65ebcf2948cb338747') in 0.014800 seconds 
========================================================================
Received Import Request.
  Time since last request: 0.000058 seconds.
  path: Assets/Food Pack Mixed/Prefabs/Coffee Beans.prefab
  artifactKey: Guid(a3c99d807c3f721468e9d4e57edc49db) Importer(815301076,1909f56bfc062723c751e8b465ee728b)
Start importing Assets/Food Pack Mixed/Prefabs/Coffee Beans.prefab using Guid(a3c99d807c3f721468e9d4e57edc49db) Importer(815301076,1909f56bfc062723c751e8b465ee728b)  -> (artifact id: '25c1eaa3e4a19796df8cbb481d57630f') in 0.039075 seconds 
========================================================================
Received Import Request.
  Time since last request: 0.000025 seconds.
  path: Assets/Food Pack Mixed/Prefabs/Potato.prefab
  artifactKey: Guid(14a510790c4486a4e9105dca33b4c366) Importer(815301076,1909f56bfc062723c751e8b465ee728b)
Start importing Assets/Food Pack Mixed/Prefabs/Potato.prefab using Guid(14a510790c4486a4e9105dca33b4c366) Importer(815301076,1909f56bfc062723c751e8b465ee728b)  -> (artifact id: 'e8a16a6a03447b65aad1086852e36e64') in 0.081494 seconds 
Editor requested this worker to shutdown with reason: Scaling down because of idle timeout
AssetImportWorker is now disconnected from the server
Process exiting
Exiting without the bug reporter. Application will terminate with return code 0